<?xml version="1.0" encoding="UTF-8"?>
<!-- Generated by org.testng.reporters.JUnitReportReporter -->
<testsuite skipped="0" hostname="ip-172-31-85-137" name="restAPI.PostCallWithJSONFile" tests="1" failures="0" timestamp="02 Dec 2021 05:04:53 GMT" time="1.843" errors="0">
  <testcase name="PostCall" time="1.843" classname="restAPI.PostCallWithJSONFile"/>
</testsuite> <!-- restAPI.PostCallWithJSONFile -->
