<?xml version="1.0" encoding="UTF-8"?>
<!-- Generated by org.testng.reporters.JUnitReportReporter -->
<testsuite skipped="0" hostname="ip-172-31-85-137" name="oAuth.oAuthRequest" tests="1" failures="0" timestamp="03 Dec 2021 04:30:50 GMT" time="2.199" errors="0">
  <testcase name="PostCall" time="2.199" classname="oAuth.oAuthRequest"/>
</testsuite> <!-- oAuth.oAuthRequest -->
