<?xml version="1.0" encoding="UTF-8"?>
<!-- Generated by org.testng.reporters.JUnitReportReporter -->
<testsuite skipped="0" hostname="ip-172-31-85-137" name="restAPI.PostRequestWithJSONObject" tests="1" failures="0" timestamp="02 Dec 2021 04:43:14 GMT" time="1.987" errors="0">
  <testcase name="PostCall" time="1.987" classname="restAPI.PostRequestWithJSONObject"/>
</testsuite> <!-- restAPI.PostRequestWithJSONObject -->
