<?xml version="1.0" encoding="UTF-8"?>
<!-- Generated by org.testng.reporters.JUnitReportReporter -->
<testsuite skipped="0" hostname="ip-172-31-85-137" name="restAPI.DeleteRequest" tests="1" failures="0" timestamp="02 Dec 2021 05:22:05 GMT" time="1.367" errors="0">
  <testcase name="DeleteCall" time="1.367" classname="restAPI.DeleteRequest"/>
</testsuite> <!-- restAPI.DeleteRequest -->
