<?xml version="1.0" encoding="UTF-8"?>
<!-- Generated by org.testng.reporters.JUnitReportReporter -->
<testsuite skipped="0" hostname="ip-172-31-85-137" name="restAPI.PutRequest" tests="1" failures="0" timestamp="02 Dec 2021 05:17:19 GMT" time="1.602" errors="0">
  <testcase name="PutCall" time="1.602" classname="restAPI.PutRequest"/>
</testsuite> <!-- restAPI.PutRequest -->
